<?xml version="1.0" encoding="UTF-8"?>
<!-- Generated by org.testng.reporters.JUnitReportReporter -->
<testsuite skipped="0" hostname="MB51173.local" name="com.JenkinsIntTest.SampleLogicsTest" tests="3" failures="0" timestamp="18 Feb 2019 13:03:08 GMT" time="0.013" errors="0">
  <testcase name="mulTest" time="0.000" classname="com.JenkinsIntTest.SampleLogicsTest"/>
  <testcase name="addTest" time="0.013" classname="com.JenkinsIntTest.SampleLogicsTest"/>
  <testcase name="subTest" time="0.000" classname="com.JenkinsIntTest.SampleLogicsTest"/>
</testsuite> <!-- com.JenkinsIntTest.SampleLogicsTest -->
