<?xml version="1.0" encoding="UTF-8"?>
<!-- Generated by org.testng.reporters.JUnitReportReporter -->
<testsuite skipped="0" hostname="MB51173.local" name="com.JenkinsIntTest.SampleLogics" tests="3" failures="0" timestamp="18 Feb 2019 12:09:10 GMT" time="0.023" errors="0">
  <testcase name="addTest" time="0.017" classname="com.JenkinsIntTest.SampleLogics"/>
  <testcase name="mulTest" time="0.002" classname="com.JenkinsIntTest.SampleLogics"/>
  <testcase name="subTest" time="0.004" classname="com.JenkinsIntTest.SampleLogics"/>
</testsuite> <!-- com.JenkinsIntTest.SampleLogics -->
